<?xml version="1.0" encoding="UTF-8"?>
<!-- Generated by org.testng.reporters.JUnitReportReporter -->
<testsuite hostname="Amit-PC" failures="0" tests="1" name="SeleniumHybridFramework.Liveproject1.Standsubmit1" time="79.365" errors="0" timestamp="2023-08-31T22:06:08 IST" skipped="0">
  <testcase classname="SeleniumHybridFramework.Liveproject1.Standsubmit1" name="submitOrder" time="79.365"/>
  <system-out/>
</testsuite> <!-- SeleniumHybridFramework.Liveproject1.Standsubmit1 -->
